make all --print-data-base --no-builtin-variables --no-builtin-rules --question
# GNU Make 3.81
# Copyright (C) 2006  Free Software Foundation, Inc.
# This is free software; see the source for copying conditions.
# There is NO warranty; not even for MERCHANTABILITY or FITNESS FOR A
# PARTICULAR PURPOSE.

# This program built for i386-apple-darwin11.3.0
 
make: *** No rule to make target `main.o', needed by `cub3d'.  Stop.


# Make data base, printed on Thu Jul 28 15:10:33 2022

# Variables

# automatic
<D = $(patsubst %/,%,$(dir $<))
# automatic
?F = $(notdir $?)
# automatic
?D = $(patsubst %/,%,$(dir $?))
# automatic
@D = $(patsubst %/,%,$(dir $@))
# automatic
@F = $(notdir $@)
# makefile
CURDIR := /Users/alaajili/Desktop/cub3D
# makefile
SHELL = /bin/sh
# environment
VSCODE_NLS_CONFIG = {"locale":"en-us","availableLanguages":{},"_languagePackSupport":true}
# environment
_ = /usr/bin/make
# makefile (from `Makefile', line 5)
CFLAGS = -Wall -Werror -Wextra -fsanitize=address -g3
# makefile (from `Makefile', line 1)
MAKEFILE_LIST :=  Makefile
# makefile (from `Makefile', line 7)
SRCS = main.c libftTools/libfttools.c libftTools/tools.c get_next/get_next_line.c get_next/get_next_line_utils.c libftTools/ft_split.c mandatory/src/move_player.c mandatory/src/initializeAll.c mandatory/src/parseMap.c mandatory/src/raycasting.c libftTools/ft_strtrim.c libftTools/libfttools2.c mandatory/src/parseMap2.c mandatory/src/sometools.c mandatory/src/moveUpDown.c mandatory/src/parseMap3.c mandatory/src/rc_tools.c 
# makefile (from `Makefile', line 20)
OBJS = $(SRCS:.c=.o)
# environment
VSCODE_CWD = /
# environment
Apple_PubSub_Socket_Render = /private/tmp/com.apple.launchd.6zfe8JBcky/Render
# environment
PATH = /goinfre/alaajili/miniconda3/bin:/Users/alaajili/.brew/bin:/Users/alaajili/.brew/bin:/usr/local/bin:/usr/bin:/bin:/usr/sbin:/sbin:/usr/local/munki:/Users/alaajili/goinfre/Flutter/flutter/bin:/Applications/Android Studio.app/Contents/jre/Contents/Home/bin:/Users/alaajili/Library/Android/sdk/platform-tools:/Users/alaajili/Library/Android/sdk/tools/bin:/Users/alaajili/goinfre/Flutter/flutter/bin:/Applications/Android Studio.app/Contents/jre/Contents/Home/bin:/Users/alaajili/Library/Android/sdk/platform-tools:/Users/alaajili/Library/Android/sdk/tools/bin:/Users/alaajili/goinfre/Flutter/flutter/bin:/Applications/Android Studio.app/Contents/jre/Contents/Home/bin:/Users/alaajili/Library/Android/sdk/platform-tools:/Users/alaajili/Library/Android/sdk/tools/bin:/Users/alaajili/goinfre/Flutter/flutter/bin:/Applications/Android Studio.app/Contents/jre/Contents/Home/bin:/Users/alaajili/Library/Android/sdk/platform-tools:/Users/alaajili/Library/Android/sdk/tools/bin:/Users/alaajili/goinfre/Flutter/flutter/bin:/Applications/Android Studio.app/Contents/jre/Contents/Home/bin:/Users/alaajili/Library/Android/sdk/platform-tools:/Users/alaajili/Library/Android/sdk/tools/bin:/Users/alaajili/goinfre/Flutter/flutter/bin:/Applications/Android Studio.app/Contents/jre/Contents/Home/bin:/Users/alaajili/Library/Android/sdk/platform-tools:/Users/alaajili/Library/Android/sdk/tools/bin:/Users/alaajili/goinfre/Flutter/flutter/bin:/Applications/Android Studio.app/Contents/jre/Contents/Home/bin:/Users/alaajili/Library/Android/sdk/platform-tools:/Users/alaajili/Library/Android/sdk/tools/bin:/Users/alaajili/goinfre/Flutter/flutter/bin:/Applications/Android Studio.app/Contents/jre/Contents/Home/bin:/Users/alaajili/Library/Android/sdk/platform-tools:/Users/alaajili/Library/Android/sdk/tools/bin:/Users/alaajili/goinfre/Flutter/flutter/bin:/Applications/Android Studio.app/Contents/jre/Contents/Home/bin:/Users/alaajili/Library/Android/sdk/platform-tools:/Users/alaajili/Library/Android/sdk/tools/bin:/Users/alaajili/goinfre/Flutter/flutter/bin:/Applications/Android Studio.app/Contents/jre/Contents/Home/bin:/Users/alaajili/Library/Android/sdk/platform-tools:/Users/alaajili/Library/Android/sdk/tools/bin
# environment
LSCOLORS = Gxfxcxdxbxegedabagacad
# environment
ELECTRON_RUN_AS_NODE = 1
# default
.FEATURES := target-specific order-only second-expansion else-if archives jobserver check-symlink
# environment
SSH_AUTH_SOCK = /private/tmp/com.apple.launchd.E9tX5srCKz/Listeners
# automatic
%F = $(notdir $%)
# environment
HOMEBREW_TEMP = /tmp/alaajili/Homebrew/Temp
# environment
ANDROID_SDK_HOME = /Users/alaajili/Library/Android/sdk
# makefile (from `Makefile', line 2)
BNAME = cub3d_bonus
# environment
PWD = /Users/alaajili/Desktop/cub3D
# makefile (from `Makefile', line 21)
BOBJS = $(BSRC:.c=.o)
# environment
ORIGINAL_XDG_CURRENT_DESKTOP = undefined
# environment
VSCODE_AMD_ENTRYPOINT = vs/workbench/api/node/extensionHostProcess
# environment
HOME = /Users/alaajili
# default
MAKEFILEPATH := /Applications/Xcode.app/Contents/Developer/Makefiles
# environment
VSCODE_CODE_CACHE_PATH = /Users/alaajili/Library/Application Support/Code/CachedData/b06ae3b2d2dbfe28bca3134cc6be65935cdfea6a
# environment
LOGNAME = alaajili
# environment
APPLICATION_INSIGHTS_NO_DIAGNOSTIC_CHANNEL = 1
# environment
ZSH = /Users/alaajili/.oh-my-zsh
# environment
VSCODE_HANDLES_UNCAUGHT_ERRORS = true
# automatic
^D = $(patsubst %/,%,$(dir $^))
# makefile (from `Makefile', line 13)
BSRC = bonus/main_bonus.c libftTools/libfttools.c libftTools/tools.c get_next/get_next_line.c get_next/get_next_line_utils.c libftTools/ft_split.c bonus/src_bonus/move_player_bonus.c bonus/src_bonus/initializeall_bonus.c bonus/src_bonus/parsemap_bonus.c bonus/src_bonus/raycasting_bonus.c libftTools/ft_strtrim.c libftTools/libfttools2.c bonus/src_bonus/parsemap2_bonus.c bonus/src_bonus/draw_minimap.c bonus/src_bonus/parseMap3_bonus.c bonus/src_bonus/moveUpDown_bonus.c bonus/src_bonus/sometools_bonus.c bonus/src_bonus/rc_tools_bonus.c 
# environment
XPC_FLAGS = 0x0
# default
MAKE = $(MAKE_COMMAND)
# default
MAKECMDGOALS := all
# environment
HOMEBREW_CACHE = /tmp/alaajili/Homebrew/Caches
# environment
SHLVL = 1
# makefile (from `Makefile', line 3)
CC = gcc
# environment
JAVA_HOME = /Applications/Android Studio.app/Contents/jre/Contents/Home
# default
MAKE_VERSION := 3.81
# environment
USER = alaajili
# makefile
.DEFAULT_GOAL := all
# makefile (from `Makefile', line 1)
NAME = cub3d
# environment
LESS = -R
# automatic
%D = $(patsubst %/,%,$(dir $%))
# default
MAKE_COMMAND := /Applications/Xcode.app/Contents/Developer/usr/bin/make
# default
.VARIABLES := 
# environment
TMPDIR = /var/folders/zz/zyxvpxvq6csfxvn_n0000hbw00042z/T/
# automatic
*F = $(notdir $*)
# environment
VSCODE_IPC_HOOK = /Users/alaajili/Library/Application Support/Code/1.69.1-main.sock
# environment
MallocNanoZone = 0
# makefile
MAKEFLAGS = Rrqp
# environment
MFLAGS = -Rrqp
# automatic
*D = $(patsubst %/,%,$(dir $*))
# environment
XPC_SERVICE_NAME = com.apple.xpc.launchd.oneshot.0x10000002.Electron
# automatic
+D = $(patsubst %/,%,$(dir $+))
# automatic
+F = $(notdir $+)
# environment
__CF_USER_TEXT_ENCODING = 0x105F:0x0:0x0
# environment
COMMAND_MODE = unix2003
# default
MAKEFILES := 
# automatic
<F = $(notdir $<)
# environment
PAGER = less
# environment
LC_ALL = C
# environment
SECURITYSESSIONID = 186aa
# automatic
^F = $(notdir $^)
# default
SUFFIXES := 
# default
.INCLUDE_DIRS = /usr/local/include
# environment
MAKELEVEL := 0
# environment
LANG = C
# environment
VSCODE_PID = 3533
# variable set hash-table stats:
# Load=75/1024=7%, Rehash=0, Collisions=10/107=9%

# Pattern-specific Variable Values

# No pattern-specific variable values.

# Directories

# . (device 16777227, inode 6186158): 14 files, no impossibilities.

# 14 files, no impossibilities in 1 directories.

# Implicit Rules

# No implicit rules.

# Files

# Not a target:
bonus/src_bonus/rc_tools_bonus.o:
#  Implicit rule search has not been done.
#  Modification time never checked.
#  File has not been updated.

# Not a target:
bonus/src_bonus/parsemap_bonus.o:
#  Implicit rule search has not been done.
#  Modification time never checked.
#  File has not been updated.

# Not a target:
mandatory/src/sometools.o:
#  Implicit rule search has not been done.
#  Modification time never checked.
#  File has not been updated.

# Not a target:
bonus/src_bonus/moveUpDown_bonus.o:
#  Implicit rule search has not been done.
#  Modification time never checked.
#  File has not been updated.

all: cub3d
#  Command-line target.
#  Implicit rule search has been done.
#  File does not exist.
#  File has not been updated.
# variable set hash-table stats:
# Load=0/32=0%, Rehash=0, Collisions=0/0=0%

# Not a target:
libftTools/libfttools2.o:
#  Implicit rule search has not been done.
#  Modification time never checked.
#  File has not been updated.

# Not a target:
 
get_next/get_next_line.o:
#  Implicit rule search has not been done.
#  Modification time never checked.
#  File has not been updated.

# Not a target:
bonus/src_bonus/draw_minimap.o:
#  Implicit rule search has not been done.
#  Modification time never checked.
#  File has not been updated.

cub3d: main.o libftTools/libfttools.o libftTools/tools.o get_next/get_next_line.o get_next/get_next_line_utils.o libftTools/ft_split.o mandatory/src/move_player.o mandatory/src/initializeAll.o mandatory/src/parseMap.o mandatory/src/raycasting.o libftTools/ft_strtrim.o libftTools/libfttools2.o mandatory/src/parseMap2.o mandatory/src/sometools.o mandatory/src/moveUpDown.o mandatory/src/parseMap3.o mandatory/src/rc_tools.o
#  Implicit rule search has not been done.
#  File does not exist.
#  File has not been updated.
# variable set hash-table stats:
# Load=0/32=0%, Rehash=0, Collisions=0/0=0%
#  commands to execute (from `Makefile', line 26):
	make -C minilibx
	mv	minilibx/libmlx.dylib .
	$(CC) $(CFLAGS) $(OBJS) libmlx.dylib -o $(NAME)
	

# Not a target:
bonus/src_bonus/move_player_bonus.o:
#  Implicit rule search has not been done.
#  Modification time never checked.
#  File has not been updated.

# Not a target:
mandatory/src/raycasting.o:
#  Implicit rule search has not been done.
#  Modification time never checked.
#  File has not been updated.

# Not a target:
mandatory/src/initializeAll.o:
#  Implicit rule search has not been done.
#  Modification time never checked.
#  File has not been updated.

# Not a target:
.SUFFIXES:
#  Implicit rule search has not been done.
#  Modification time never checked.
#  File has not been updated.

# Not a target:
mandatory/src/parseMap.o:
#  Implicit rule search has not been done.
#  Modification time never checked.
#  File has not been updated.

# Not a target:
Makefile:
#  Implicit rule search has been done.
#  Last modified 2022-07-28 15:05:24
#  File has been updated.
#  Successfully updated.
# variable set hash-table stats:
# Load=0/32=0%, Rehash=0, Collisions=0/0=0%

# Not a target:
mandatory/src/rc_tools.o:
#  Implicit rule search has not been done.
#  Modification time never checked.
#  File has not been updated.

# Not a target:
mandatory/src/moveUpDown.o:
#  Implicit rule search has not been done.
#  Modification time never checked.
#  File has not been updated.

bonus: cub3d_bonus
#  Implicit rule search has not been done.
#  Modification time never checked.
#  File has not been updated.

# Not a target:
libftTools/tools.o:
#  Implicit rule search has not been done.
#  Modification time never checked.
#  File has not been updated.

fclean: clean
#  Implicit rule search has not been done.
#  Modification time never checked.
#  File has not been updated.
#  commands to execute (from `Makefile', line 42):
	rm -rf libmlx.dylib
	rm -f $(NAME)
	rm -f $(BNAME)
	

# Not a target:
bonus/src_bonus/parsemap2_bonus.o:
#  Implicit rule search has not been done.
#  Modification time never checked.
#  File has not been updated.

# Not a target:
mandatory/src/move_player.o:
#  Implicit rule search has not been done.
#  Modification time never checked.
#  File has not been updated.

# Not a target:
.DEFAULT:
#  Implicit rule search has not been done.
#  Modification time never checked.
#  File has not been updated.

# Not a target:
libftTools/ft_strtrim.o:
#  Implicit rule search has not been done.
#  Modification time never checked.
#  File has not been updated.

# Not a target:
mandatory/src/parseMap3.o:
#  Implicit rule search has not been done.
#  Modification time never checked.
#  File has not been updated.

re: fclean all
#  Implicit rule search has not been done.
#  Modification time never checked.
#  File has not been updated.

# Not a target:
libftTools/libfttools.o:
#  Implicit rule search has not been done.
#  Modification time never checked.
#  File has not been updated.

clean:
#  Implicit rule search has not been done.
#  Modification time never checked.
#  File has not been updated.
#  commands to execute (from `Makefile', line 37):
	make -C minilibx clean
	rm -f $(OBJS)
	rm -f $(BOBJS)
	

# Not a target:
mandatory/src/parseMap2.o:
#  Implicit rule search has not been done.
#  Modification time never checked.
#  File has not been updated.

# Not a target:
get_next/get_next_line_utils.o:
#  Implicit rule search has not been done.
#  Modification time never checked.
#  File has not been updated.

# Not a target:
bonus/src_bonus/sometools_bonus.o:
#  Implicit rule search has not been done.
#  Modification time never checked.
#  File has not been updated.

# Not a target:
main.o:
#  Implicit rule search has been done.
#  File does not exist.
#  File has not been updated.
# variable set hash-table stats:
# Load=0/32=0%, Rehash=0, Collisions=0/0=0%

# Not a target:
bonus/src_bonus/parseMap3_bonus.o:
#  Implicit rule search has not been done.
#  Modification time never checked.
#  File has not been updated.

# Not a target:
bonus/main_bonus.o:
#  Implicit rule search has not been done.
#  Modification time never checked.
#  File has not been updated.

# Not a target:
libftTools/ft_split.o:
#  Implicit rule search has not been done.
#  Modification time never checked.
#  File has not been updated.

cub3d_bonus: bonus/main_bonus.o libftTools/libfttools.o libftTools/tools.o get_next/get_next_line.o get_next/get_next_line_utils.o libftTools/ft_split.o bonus/src_bonus/move_player_bonus.o bonus/src_bonus/initializeall_bonus.o bonus/src_bonus/parsemap_bonus.o bonus/src_bonus/raycasting_bonus.o libftTools/ft_strtrim.o libftTools/libfttools2.o bonus/src_bonus/parsemap2_bonus.o bonus/src_bonus/draw_minimap.o bonus/src_bonus/parseMap3_bonus.o bonus/src_bonus/moveUpDown_bonus.o bonus/src_bonus/sometools_bonus.o bonus/src_bonus/rc_tools_bonus.o
#  Implicit rule search has not been done.
#  Modification time never checked.
#  File has not been updated.
#  commands to execute (from `Makefile', line 32):
	make -C minilibx
	mv	minilibx/libmlx.dylib .
	$(CC) $(CFLAGS) $(BOBJS) libmlx.dylib -o $(BNAME)
	

# Not a target:
bonus/src_bonus/raycasting_bonus.o:
#  Implicit rule search has not been done.
#  Modification time never checked.
#  File has not been updated.

# Not a target:
bonus/src_bonus/initializeall_bonus.o:
#  Implicit rule search has not been done.
#  Modification time never checked.
#  File has not been updated.

# files hash-table stats:
# Load=38/1024=4%, Rehash=0, Collisions=2/91=2%
# VPATH Search Paths

# No `vpath' search paths.

# No general (`VPATH' variable) search path.

# # of strings in strcache: 1
# # of strcache buffers: 1
# strcache size: total = 4096 / max = 4096 / min = 4096 / avg = 4096
# strcache free: total = 4087 / max = 4087 / min = 4087 / avg = 4087

# Finished Make data base on Thu Jul 28 15:10:33 2022

 
